$ avrdude -c stk500v2 -p atmega328p -P /dev/tty.usbmodem204E338B304B1 -v -v -v -v -D -U flash:w:test/avr_project.hex:i
Avrdude version 8.1
Copyright see https://github.com/avrdudes/avrdude/blob/main/AUTHORS

System wide configuration file is /opt/homebrew/etc/avrdude.conf
User configuration file /Users/kok/.avrduderc does not exist

Using port            : /dev/tty.usbmodem204E338B304B1
Using programmer      : stk500v2
Ser_send: . [1b] . [01] . [00] . [01] . [0e] . [01] . [14]
Ser_recv(): programmer is not responding
Error stk500v2_recv() stk500v2.c 692: timeout
Ser_send: . [1b] . [01] . [00] . [01] . [0e] . [01] . [14]
Ser_recv(): programmer is not responding
Error stk500v2_recv() stk500v2.c 692: timeout
Ser_send: . [1b] . [01] . [00] . [01] . [0e] . [01] . [14]
Ser_recv(): programmer is not responding
Error stk500v2_recv() stk500v2.c 692: timeout
Ser_send: . [1b] . [01] . [00] . [01] . [0e] . [01] . [14]
Ser_recv(): programmer is not responding
Error stk500v2_recv() stk500v2.c 692: timeout
Ser_send: . [1b] . [01] . [00] . [01] . [0e] . [01] . [14]
Ser_recv(): programmer is not responding
Error stk500v2_recv() stk500v2.c 692: timeout
Ser_send: . [1b] . [01] . [00] . [01] . [0e] . [01] . [14]
Ser_recv(): programmer is not responding
Error stk500v2_recv() stk500v2.c 692: timeout
Error stk500v2_getsync() stk500v2.c 766: timeout communicating with programmer
Error main() main.c 1503: unable to open port /dev/tty.usbmodem204E338B304B1 for programmer stk500v2

Avrdude done.  Thank you.
